0 info it worked if it ends with ok
1 verbose cli [ '/Users/olifer/.nvm/versions/node/v4.4.7/bin/node',
1 verbose cli   '/Users/olifer/.nvm/versions/node/v4.4.7/bin/npm',
1 verbose cli   'run',
1 verbose cli   'dev',
1 verbose cli   '1024' ]
2 info using npm@2.15.8
3 info using node@v4.4.7
4 verbose run-script [ 'predev', 'dev', 'postdev' ]
5 info predev vue-infinite-scroll@0.2.2
6 info dev vue-infinite-scroll@0.2.2
7 verbose unsafe-perm in lifecycle true
8 info vue-infinite-scroll@0.2.2 Failed to exec dev script
9 verbose stack Error: vue-infinite-scroll@0.2.2 dev: `webpack-dev-server --inline --hot --config ./webpack.example.config.js --port "1024"`
9 verbose stack Exit status 1
9 verbose stack     at EventEmitter.<anonymous> (/Users/olifer/.nvm/versions/node/v4.4.7/lib/node_modules/npm/lib/utils/lifecycle.js:217:16)
9 verbose stack     at emitTwo (events.js:87:13)
9 verbose stack     at EventEmitter.emit (events.js:172:7)
9 verbose stack     at ChildProcess.<anonymous> (/Users/olifer/.nvm/versions/node/v4.4.7/lib/node_modules/npm/lib/utils/spawn.js:24:14)
9 verbose stack     at emitTwo (events.js:87:13)
9 verbose stack     at ChildProcess.emit (events.js:172:7)
9 verbose stack     at maybeClose (internal/child_process.js:827:16)
9 verbose stack     at Process.ChildProcess._handle.onexit (internal/child_process.js:211:5)
10 verbose pkgid vue-infinite-scroll@0.2.2
11 verbose cwd /Users/olifer/workspace/vue-infinite-scroll
12 error Darwin 15.0.0
13 error argv "/Users/olifer/.nvm/versions/node/v4.4.7/bin/node" "/Users/olifer/.nvm/versions/node/v4.4.7/bin/npm" "run" "dev" "1024"
14 error node v4.4.7
15 error npm  v2.15.8
16 error code ELIFECYCLE
17 error vue-infinite-scroll@0.2.2 dev: `webpack-dev-server --inline --hot --config ./webpack.example.config.js --port "1024"`
17 error Exit status 1
18 error Failed at the vue-infinite-scroll@0.2.2 dev script 'webpack-dev-server --inline --hot --config ./webpack.example.config.js --port "1024"'.
18 error This is most likely a problem with the vue-infinite-scroll package,
18 error not with npm itself.
18 error Tell the author that this fails on your system:
18 error     webpack-dev-server --inline --hot --config ./webpack.example.config.js --port "1024"
18 error You can get information on how to open an issue for this project with:
18 error     npm bugs vue-infinite-scroll
18 error Or if that isn't available, you can get their info via:
18 error
18 error     npm owner ls vue-infinite-scroll
18 error There is likely additional logging output above.
19 verbose exit [ 1, true ]
